TN:
SF:src/hca/HCA.sol
DA:53,32
FN:53,HCA.constructor
FNDA:32,HCA.constructor
DA:62,32
BRDA:62,0,0,-
DA:63,32
DA:64,32
DA:73,35
FN:73,HCA.initializeAccount
FNDA:35,HCA.initializeAccount
DA:75,35
DA:76,34
DA:77,30
DA:82,3
FN:82,HCA.installModule
FNDA:3,HCA.installModule
DA:83,3
DA:88,3
FN:88,HCA.uninstallModule
FNDA:3,HCA.uninstallModule
DA:89,3
DA:96,30
FN:96,HCA._installRhinestoneExecutor
FNDA:30,HCA._installRhinestoneExecutor
DA:97,30
DA:98,30
DA:100,30
DA:101,30
DA:103,30
DA:112,4
FN:112,HCA._authorizeUpgrade
FNDA:4,HCA._authorizeUpgrade
DA:118,3
BRDA:118,1,0,1
BRDA:118,1,1,2
DA:122,2
DA:129,3
FN:129,HCA._fallback
FNDA:3,HCA._fallback
DA:130,3
DA:131,3
BRDA:131,2,0,1
DA:132,2
BRDA:132,3,0,1
DA:133,1
BRDA:133,4,0,1
DA:134,1
DA:136,0
FNF:7
FNH:7
LF:28
LH:27
BRF:6
BRH:5
end_of_record
TN:
SF:src/hca-module/HCAModule.sol
DA:10,35
FN:10,HCAModule.getOwnerFromInitData
FNDA:35,HCAModule.getOwnerFromInitData
DA:15,35
DA:16,35
BRDA:16,0,0,-
BRDA:16,0,1,35
DA:17,35
DA:20,66
FN:20,HCAModule._onInstall
FNDA:66,HCAModule._onInstall
DA:21,66
BRDA:21,1,0,-
BRDA:21,1,1,66
DA:22,66
BRDA:22,2,0,1
BRDA:22,2,1,65
DA:23,65
DA:26,0
FN:26,HCAModule.name
FNDA:0,HCAModule.name
DA:27,0
FNF:3
FNH:2
LF:10
LH:8
BRF:6
BRH:4
end_of_record
TN:
SF:src/hca-module/base/lib/OwnerExpirationLib.sol
DA:13,65
FN:13,OwnerExpirationLib.toSetElement
FNDA:65,OwnerExpirationLib.toSetElement
DA:24,65
DA:35,0
FN:35,OwnerExpirationLib.packWithExpiration
FNDA:0,OwnerExpirationLib.packWithExpiration
DA:43,0
DA:51,6
FN:51,OwnerExpirationLib.unpackOwner
FNDA:6,OwnerExpirationLib.unpackOwner
DA:54,6
DA:64,0
FN:64,OwnerExpirationLib.unpackOwnerAndExpiration
FNDA:0,OwnerExpirationLib.unpackOwnerAndExpiration
DA:71,0
DA:75,0
FNF:4
FNH:2
LF:9
LH:4
BRF:0
BRH:0
end_of_record
TN:
SF:src/mocks/MockERC20.sol
DA:11,29
FN:11,MockERC20.constructor
FNDA:29,MockERC20.constructor
DA:12,29
DA:13,29
DA:14,29
DA:17,0
FN:17,MockERC20.name
FNDA:0,MockERC20.name
DA:18,0
DA:21,0
FN:21,MockERC20.symbol
FNDA:0,MockERC20.symbol
DA:22,0
DA:25,0
FN:25,MockERC20.decimals
FNDA:0,MockERC20.decimals
DA:26,0
DA:29,1
FN:29,MockERC20.mint
FNDA:1,MockERC20.mint
DA:30,1
DA:33,0
FN:33,MockERC20.burn
FNDA:0,MockERC20.burn
DA:34,0
FNF:6
FNH:2
LF:14
LH:6
BRF:0
BRH:0
end_of_record
TN:
SF:src/mocks/MockRouter.sol
DA:7,0
FN:7,MockRouter.mockFill
FNDA:0,MockRouter.mockFill
DA:8,0
DA:9,0
DA:10,0
DA:11,0
DA:12,0
BRDA:12,0,0,-
BRDA:12,0,1,-
FNF:1
FNH:0
LF:6
LH:0
BRF:2
BRH:0
end_of_record
TN:
SF:test/hca/HCAContext.t.sol
DA:16,0
FN:16,HCAContextHarness.exposedMsgSender
FNDA:0,HCAContextHarness.exposedMsgSender
DA:17,0
FNF:1
FNH:0
LF:2
LH:0
BRF:0
BRH:0
end_of_record
TN:
SF:test/hca/HCAContextUpgradeable.t.sol
DA:16,0
FN:16,HCAContextUpgradeableHarness.exposedMsgSender
FNDA:0,HCAContextUpgradeableHarness.exposedMsgSender
DA:17,0
FNF:1
FNH:0
LF:2
LH:0
BRF:0
BRH:0
end_of_record
TN:
SF:test/hca/HCAEquivalence.t.sol
DA:15,0
FN:15,HCAEquivalenceHarness.exposedMsgSender
FNDA:0,HCAEquivalenceHarness.exposedMsgSender
DA:16,0
FNF:1
FNH:0
LF:2
LH:0
BRF:0
BRH:0
end_of_record
TN:
SF:test/hca/HCAIntegration.t.sol
DA:36,1
FN:36,MockNFT.mint.0
FNDA:1,MockNFT.mint.0
DA:37,1
DA:38,1
DA:45,1
FN:45,MockMultiToken.mint.1
FNDA:1,MockMultiToken.mint.1
DA:46,1
DA:49,1
FN:49,MockMultiToken.mintBatch
FNDA:1,MockMultiToken.mintBatch
DA:56,1
DA:61,30
FN:61,MockExecutor.isModuleType
FNDA:30,MockExecutor.isModuleType
DA:62,30
DA:65,30
FN:65,MockExecutor.onInstall
FNDA:30,MockExecutor.onInstall
DA:67,0
FN:67,MockExecutor.onUninstall
FNDA:0,MockExecutor.onUninstall
FNF:6
FNH:5
LF:11
LH:10
BRF:0
BRH:0
end_of_record
TN:
SF:test/hca/mocks/MockHCAFactoryBasic.sol
DA:9,0
FN:9,MockHCAFactoryBasic.setAccountOwner
FNDA:0,MockHCAFactoryBasic.setAccountOwner
DA:10,0
DA:13,0
FN:13,MockHCAFactoryBasic.getAccountOwner
FNDA:0,MockHCAFactoryBasic.getAccountOwner
DA:14,0
FNF:2
FNH:0
LF:4
LH:0
BRF:0
BRH:0
end_of_record
